{"uid":"d02282e34b5d2b79","name":"setupTeamCityServerTest","fullName":"com.example.teamcity.ui.SetupServerTest.setupTeamCityServerTest","historyId":"2e6df2301e4e82e0f0a5e36536b6aca1","time":{"start":1743068920733,"stop":1743068921050,"duration":317},"status":"broken","statusMessage":"Could not start a new session. Possible causes are invalid address of the remote server or browser start-up failure. \nHost info: host: 'fv-az1050-876', ip: '10.1.1.31'\nBuild info: version: '4.24.0', revision: '748ffc9bc3'\nSystem info: os.name: 'Linux', os.arch: 'amd64', os.version: '6.8.0-1021-azure', java.version: '21.0.6'\nselenide.remote: http://selenoid:4444/wd/hub\nDriver info: org.openqa.selenium.remote.RemoteWebDriver\nCommand: [null, newSession {capabilities=[Capabilities {acceptInsecureCerts: true, browserName: chrome, goog:chromeOptions: {args: [--proxy-bypass-list=<-loopb..., --disable-dev-shm-usage, --disable-search-engine-cho..., --unsafely-disable-devtools..., --window-size=1920,1080], excludeSwitches: [enable-automation, load-extension], extensions: [], prefs: {autofill.credit_card_enabled: false, autofill.profile_enabled: false, credentials_enable_service: false, plugins.always_open_pdf_externally: true, profile.default_content_setting_values.automatic_downloads: 1, profile.password_manager_enabled: false, profile.password_manager_leak_detection: false, safebrowsing.enabled: true}}, pageLoadStrategy: normal, selenoid:options: {enableLog: true, enableVNC: true}, unhandledPromptBehavior: accept}]}]\nselenide.url: http://172.17.0.1:8111/\nCapabilities {acceptInsecureCerts: true, browserName: chrome, goog:chromeOptions: {args: [--proxy-bypass-list=<-loopb..., --disable-dev-shm-usage, --disable-search-engine-cho..., --unsafely-disable-devtools..., --window-size=1920,1080], excludeSwitches: [enable-automation, load-extension], extensions: [], prefs: {autofill.credit_card_enabled: false, autofill.profile_enabled: false, credentials_enable_service: false, plugins.always_open_pdf_externally: true, profile.default_content_setting_values.automatic_downloads: 1, profile.password_manager_enabled: false, profile.password_manager_leak_detection: false, safebrowsing.enabled: true}}, pageLoadStrategy: normal, selenoid:options: {enableLog: true, enableVNC: true}, unhandledPromptBehavior: accept}\nselenide.baseUrl: http://172.17.0.1:8111","statusTrace":"org.openqa.selenium.SessionNotCreatedException: Could not start a new session. Possible causes are invalid address of the remote server or browser start-up failure. \nHost info: host: 'fv-az1050-876', ip: '10.1.1.31'\nBuild info: version: '4.24.0', revision: '748ffc9bc3'\nSystem info: os.name: 'Linux', os.arch: 'amd64', os.version: '6.8.0-1021-azure', java.version: '21.0.6'\nselenide.remote: http://selenoid:4444/wd/hub\nDriver info: org.openqa.selenium.remote.RemoteWebDriver\nCommand: [null, newSession {capabilities=[Capabilities {acceptInsecureCerts: true, browserName: chrome, goog:chromeOptions: {args: [--proxy-bypass-list=<-loopb..., --disable-dev-shm-usage, --disable-search-engine-cho..., --unsafely-disable-devtools..., --window-size=1920,1080], excludeSwitches: [enable-automation, load-extension], extensions: [], prefs: {autofill.credit_card_enabled: false, autofill.profile_enabled: false, credentials_enable_service: false, plugins.always_open_pdf_externally: true, profile.default_content_setting_values.automatic_downloads: 1, profile.password_manager_enabled: false, profile.password_manager_leak_detection: false, safebrowsing.enabled: true}}, pageLoadStrategy: normal, selenoid:options: {enableLog: true, enableVNC: true}, unhandledPromptBehavior: accept}]}]\nselenide.url: http://172.17.0.1:8111/\nCapabilities {acceptInsecureCerts: true, browserName: chrome, goog:chromeOptions: {args: [--proxy-bypass-list=<-loopb..., --disable-dev-shm-usage, --disable-search-engine-cho..., --unsafely-disable-devtools..., --window-size=1920,1080], excludeSwitches: [enable-automation, load-extension], extensions: [], prefs: {autofill.credit_card_enabled: false, autofill.profile_enabled: false, credentials_enable_service: false, plugins.always_open_pdf_externally: true, profile.default_content_setting_values.automatic_downloads: 1, profile.password_manager_enabled: false, profile.password_manager_leak_detection: false, safebrowsing.enabled: true}}, pageLoadStrategy: normal, selenoid:options: {enableLog: true, enableVNC: true}, unhandledPromptBehavior: accept}\nselenide.baseUrl: http://172.17.0.1:8111\n\tat org.openqa.selenium.remote.RemoteWebDriver.execute(RemoteWebDriver.java:563)\n\tat org.openqa.selenium.remote.RemoteWebDriver.startSession(RemoteWebDriver.java:245)\n\tat org.openqa.selenium.remote.RemoteWebDriver.<init>(RemoteWebDriver.java:174)\n\tat com.codeborne.selenide.webdriver.RemoteDriverFactory.create(RemoteDriverFactory.java:24)\n\tat com.codeborne.selenide.webdriver.WebDriverFactory.createWebDriverInstance(WebDriverFactory.java:114)\n\tat com.codeborne.selenide.webdriver.WebDriverFactory.createWebDriver(WebDriverFactory.java:67)\n\tat com.codeborne.selenide.drivercommands.CreateDriverCommand.lambda$createDriver$0(CreateDriverCommand.java:72)\n\tat com.codeborne.selenide.logevents.SelenideLogger.wrap(SelenideLogger.java:133)\n\tat com.codeborne.selenide.logevents.SelenideLogger.get(SelenideLogger.java:113)\n\tat com.codeborne.selenide.drivercommands.CreateDriverCommand.createDriver(CreateDriverCommand.java:48)\n\tat com.codeborne.selenide.impl.WebDriverThreadLocalContainer.createDriver(WebDriverThreadLocalContainer.java:189)\n\tat com.codeborne.selenide.impl.WebDriverThreadLocalContainer.createAndRegisterDriver(WebDriverThreadLocalContainer.java:174)\n\tat com.codeborne.selenide.impl.WebDriverThreadLocalContainer.getAndCheckWebDriver(WebDriverThreadLocalContainer.java:136)\n\tat com.codeborne.selenide.WebDriverRunner.getAndCheckWebDriver(WebDriverRunner.java:113)\n\tat com.codeborne.selenide.impl.StaticDriver.getAndCheckWebDriver(StaticDriver.java:65)\n\tat com.codeborne.selenide.SelenideDriver.getAndCheckWebDriver(SelenideDriver.java:211)\n\tat com.codeborne.selenide.drivercommands.Navigator.lambda$navigateTo$0(Navigator.java:70)\n\tat com.codeborne.selenide.logevents.SelenideLogger.lambda$run$0(SelenideLogger.java:105)\n\tat com.codeborne.selenide.logevents.SelenideLogger.wrap(SelenideLogger.java:133)\n\tat com.codeborne.selenide.logevents.SelenideLogger.run(SelenideLogger.java:104)\n\tat com.codeborne.selenide.drivercommands.Navigator.navigateTo(Navigator.java:68)\n\tat com.codeborne.selenide.drivercommands.Navigator.open(Navigator.java:31)\n\tat com.codeborne.selenide.SelenideDriver.open(SelenideDriver.java:93)\n\tat com.codeborne.selenide.SelenideDriver.open(SelenideDriver.java:116)\n\tat com.codeborne.selenide.Selenide.open(Selenide.java:165)\n\tat com.example.teamcity.api.ui.pages.setup.FirstStartPage.open(FirstStartPage.java:22)\n\tat com.example.teamcity.ui.SetupServerTest.setupTeamCityServerTest(SetupServerTest.java:9)\n\tat java.base/jdk.internal.reflect.DirectMethodHandleAccessor.invoke(DirectMethodHandleAccessor.java:103)\n\tat java.base/java.lang.reflect.Method.invoke(Method.java:580)\n\tat org.testng.internal.invokers.MethodInvocationHelper.invokeMethod(MethodInvocationHelper.java:141)\n\tat org.testng.internal.invokers.TestInvoker.invokeMethod(TestInvoker.java:686)\n\tat org.testng.internal.invokers.TestInvoker.invokeTestMethod(TestInvoker.java:230)\n\tat org.testng.internal.invokers.MethodRunner.runInSequence(MethodRunner.java:63)\n\tat org.testng.internal.invokers.TestInvoker$MethodInvocationAgent.invoke(TestInvoker.java:992)\n\tat org.testng.internal.invokers.TestInvoker.invokeTestMethods(TestInvoker.java:203)\n\tat org.testng.internal.invokers.TestMethodWorker.invokeTestMethods(TestMethodWorker.java:154)\n\tat org.testng.internal.invokers.TestMethodWorker.run(TestMethodWorker.java:134)\n\tat java.base/java.util.ArrayList.forEach(ArrayList.java:1596)\n\tat org.testng.TestRunner.privateRun(TestRunner.java:739)\n\tat org.testng.TestRunner.run(TestRunner.java:614)\n\tat org.testng.SuiteRunner.runTest(SuiteRunner.java:421)\n\tat org.testng.SuiteRunner.runSequentially(SuiteRunner.java:413)\n\tat org.testng.SuiteRunner.privateRun(SuiteRunner.java:373)\n\tat org.testng.SuiteRunner.run(SuiteRunner.java:312)\n\tat org.testng.SuiteRunnerWorker.runSuite(SuiteRunnerWorker.java:52)\n\tat org.testng.SuiteRunnerWorker.run(SuiteRunnerWorker.java:95)\n\tat org.testng.TestNG.runSuitesSequentially(TestNG.java:1274)\n\tat org.testng.TestNG.runSuitesLocally(TestNG.java:1208)\n\tat org.testng.TestNG.runSuites(TestNG.java:1112)\n\tat org.testng.TestNG.run(TestNG.java:1079)\n\tat org.apache.maven.surefire.testng.TestNGExecutor.run(TestNGExecutor.java:155)\n\tat org.apache.maven.surefire.testng.TestNGDirectoryTestSuite.executeSingleClass(TestNGDirectoryTestSuite.java:102)\n\tat org.apache.maven.surefire.testng.TestNGDirectoryTestSuite.execute(TestNGDirectoryTestSuite.java:91)\n\tat org.apache.maven.surefire.testng.TestNGProvider.invoke(TestNGProvider.java:137)\n\tat org.apache.maven.surefire.booter.ForkedBooter.runSuitesInProcess(ForkedBooter.java:385)\n\tat org.apache.maven.surefire.booter.ForkedBooter.execute(ForkedBooter.java:162)\n\tat org.apache.maven.surefire.booter.ForkedBooter.run(ForkedBooter.java:507)\n\tat org.apache.maven.surefire.booter.ForkedBooter.main(ForkedBooter.java:495)\nCaused by: java.io.UncheckedIOException: java.net.ConnectException\n\tat org.openqa.selenium.remote.http.jdk.JdkHttpClient.execute0(JdkHttpClient.java:458)\n\tat org.openqa.selenium.remote.http.AddSeleniumUserAgent.lambda$apply$0(AddSeleniumUserAgent.java:42)\n\tat org.openqa.selenium.remote.http.Filter.lambda$andFinally$1(Filter.java:55)\n\tat org.openqa.selenium.remote.http.jdk.JdkHttpClient.execute(JdkHttpClient.java:374)\n\tat org.openqa.selenium.remote.ProtocolHandshake.createSession(ProtocolHandshake.java:89)\n\tat org.openqa.selenium.remote.ProtocolHandshake.createSession(ProtocolHandshake.java:75)\n\tat org.openqa.selenium.remote.ProtocolHandshake.createSession(ProtocolHandshake.java:61)\n\tat org.openqa.selenium.remote.HttpCommandExecutor.execute(HttpCommandExecutor.java:162)\n\tat org.openqa.selenium.remote.RemoteWebDriver.execute(RemoteWebDriver.java:545)\n\t... 57 more\nCaused by: java.net.ConnectException\n\tat java.net.http/jdk.internal.net.http.common.Utils.toConnectException(Utils.java:1041)\n\tat java.net.http/jdk.internal.net.http.PlainHttpConnection.connectAsync(PlainHttpConnection.java:227)\n\tat java.net.http/jdk.internal.net.http.Http1Exchange.sendHeadersAsync(Http1Exchange.java:312)\n\tat java.net.http/jdk.internal.net.http.Exchange.lambda$responseAsyncImpl0$8(Exchange.java:581)\n\tat java.net.http/jdk.internal.net.http.Exchange.checkFor407(Exchange.java:452)\n\tat java.net.http/jdk.internal.net.http.Exchange.lambda$responseAsyncImpl0$9(Exchange.java:585)\n\tat java.base/java.util.concurrent.CompletableFuture.uniHandle(CompletableFuture.java:934)\n\tat java.base/java.util.concurrent.CompletableFuture.uniHandleStage(CompletableFuture.java:950)\n\tat java.base/java.util.concurrent.CompletableFuture.handle(CompletableFuture.java:2372)\n\tat java.net.http/jdk.internal.net.http.Exchange.responseAsyncImpl0(Exchange.java:585)\n\tat java.net.http/jdk.internal.net.http.Exchange.responseAsyncImpl(Exchange.java:428)\n\tat java.net.http/jdk.internal.net.http.Exchange.responseAsync(Exchange.java:420)\n\tat java.net.http/jdk.internal.net.http.MultiExchange.responseAsyncImpl(MultiExchange.java:413)\n\tat java.net.http/jdk.internal.net.http.MultiExchange.lambda$responseAsyncImpl$7(MultiExchange.java:454)\n\tat java.base/java.util.concurrent.CompletableFuture.uniHandle(CompletableFuture.java:934)\n\tat java.base/java.util.concurrent.CompletableFuture.uniHandleStage(CompletableFuture.java:950)\n\tat java.base/java.util.concurrent.CompletableFuture.handle(CompletableFuture.java:2372)\n\tat java.net.http/jdk.internal.net.http.MultiExchange.responseAsyncImpl(MultiExchange.java:444)\n\tat java.net.http/jdk.internal.net.http.MultiExchange.lambda$responseAsync0$2(MultiExchange.java:346)\n\tat java.base/java.util.concurrent.CompletableFuture$UniCompose.tryFire(CompletableFuture.java:1150)\n\tat java.base/java.util.concurrent.CompletableFuture.postComplete(CompletableFuture.java:510)\n\tat java.base/java.util.concurrent.CompletableFuture$AsyncSupply.run(CompletableFuture.java:1773)\n\tat java.base/java.util.concurrent.ThreadPoolExecutor.runWorker(ThreadPoolExecutor.java:1144)\n\tat java.base/java.util.concurrent.ThreadPoolExecutor$Worker.run(ThreadPoolExecutor.java:642)\n\tat java.base/java.lang.Thread.run(Thread.java:1583)\nCaused by: java.nio.channels.UnresolvedAddressException\n\tat java.base/sun.nio.ch.Net.checkAddress(Net.java:137)\n\tat java.base/sun.nio.ch.Net.checkAddress(Net.java:145)\n\tat java.base/sun.nio.ch.SocketChannelImpl.checkRemote(SocketChannelImpl.java:844)\n\tat java.base/sun.nio.ch.SocketChannelImpl.connect(SocketChannelImpl.java:867)\n\tat java.net.http/jdk.internal.net.http.PlainHttpConnection.lambda$connectAsync$1(PlainHttpConnection.java:210)\n\tat java.base/java.security.AccessController.doPrivileged(AccessController.java:571)\n\tat java.net.http/jdk.internal.net.http.PlainHttpConnection.connectAsync(PlainHttpConnection.java:212)\n\t... 23 more\n","flaky":false,"newFailed":false,"newBroken":false,"newPassed":false,"retriesCount":0,"retriesStatusChange":false,"beforeStages":[{"name":"beforeTest","time":{"start":1743068920628,"stop":1743068920654,"duration":26},"description":"","status":"passed","steps":[],"attachments":[],"parameters":[],"shouldDisplayMessage":false,"stepsCount":0,"attachmentsCount":0,"hasContent":false}],"testStage":{"status":"broken","statusMessage":"Could not start a new session. Possible causes are invalid address of the remote server or browser start-up failure. \nHost info: host: 'fv-az1050-876', ip: '10.1.1.31'\nBuild info: version: '4.24.0', revision: '748ffc9bc3'\nSystem info: os.name: 'Linux', os.arch: 'amd64', os.version: '6.8.0-1021-azure', java.version: '21.0.6'\nselenide.remote: http://selenoid:4444/wd/hub\nDriver info: org.openqa.selenium.remote.RemoteWebDriver\nCommand: [null, newSession {capabilities=[Capabilities {acceptInsecureCerts: true, browserName: chrome, goog:chromeOptions: {args: [--proxy-bypass-list=<-loopb..., --disable-dev-shm-usage, --disable-search-engine-cho..., --unsafely-disable-devtools..., --window-size=1920,1080], excludeSwitches: [enable-automation, load-extension], extensions: [], prefs: {autofill.credit_card_enabled: false, autofill.profile_enabled: false, credentials_enable_service: false, plugins.always_open_pdf_externally: true, profile.default_content_setting_values.automatic_downloads: 1, profile.password_manager_enabled: false, profile.password_manager_leak_detection: false, safebrowsing.enabled: true}}, pageLoadStrategy: normal, selenoid:options: {enableLog: true, enableVNC: true}, unhandledPromptBehavior: accept}]}]\nselenide.url: http://172.17.0.1:8111/\nCapabilities {acceptInsecureCerts: true, browserName: chrome, goog:chromeOptions: {args: [--proxy-bypass-list=<-loopb..., --disable-dev-shm-usage, --disable-search-engine-cho..., --unsafely-disable-devtools..., --window-size=1920,1080], excludeSwitches: [enable-automation, load-extension], extensions: [], prefs: {autofill.credit_card_enabled: false, autofill.profile_enabled: false, credentials_enable_service: false, plugins.always_open_pdf_externally: true, profile.default_content_setting_values.automatic_downloads: 1, profile.password_manager_enabled: false, profile.password_manager_leak_detection: false, safebrowsing.enabled: true}}, pageLoadStrategy: normal, selenoid:options: {enableLog: true, enableVNC: true}, unhandledPromptBehavior: accept}\nselenide.baseUrl: http://172.17.0.1:8111","statusTrace":"org.openqa.selenium.SessionNotCreatedException: Could not start a new session. Possible causes are invalid address of the remote server or browser start-up failure. \nHost info: host: 'fv-az1050-876', ip: '10.1.1.31'\nBuild info: version: '4.24.0', revision: '748ffc9bc3'\nSystem info: os.name: 'Linux', os.arch: 'amd64', os.version: '6.8.0-1021-azure', java.version: '21.0.6'\nselenide.remote: http://selenoid:4444/wd/hub\nDriver info: org.openqa.selenium.remote.RemoteWebDriver\nCommand: [null, newSession {capabilities=[Capabilities {acceptInsecureCerts: true, browserName: chrome, goog:chromeOptions: {args: [--proxy-bypass-list=<-loopb..., --disable-dev-shm-usage, --disable-search-engine-cho..., --unsafely-disable-devtools..., --window-size=1920,1080], excludeSwitches: [enable-automation, load-extension], extensions: [], prefs: {autofill.credit_card_enabled: false, autofill.profile_enabled: false, credentials_enable_service: false, plugins.always_open_pdf_externally: true, profile.default_content_setting_values.automatic_downloads: 1, profile.password_manager_enabled: false, profile.password_manager_leak_detection: false, safebrowsing.enabled: true}}, pageLoadStrategy: normal, selenoid:options: {enableLog: true, enableVNC: true}, unhandledPromptBehavior: accept}]}]\nselenide.url: http://172.17.0.1:8111/\nCapabilities {acceptInsecureCerts: true, browserName: chrome, goog:chromeOptions: {args: [--proxy-bypass-list=<-loopb..., --disable-dev-shm-usage, --disable-search-engine-cho..., --unsafely-disable-devtools..., --window-size=1920,1080], excludeSwitches: [enable-automation, load-extension], extensions: [], prefs: {autofill.credit_card_enabled: false, autofill.profile_enabled: false, credentials_enable_service: false, plugins.always_open_pdf_externally: true, profile.default_content_setting_values.automatic_downloads: 1, profile.password_manager_enabled: false, profile.password_manager_leak_detection: false, safebrowsing.enabled: true}}, pageLoadStrategy: normal, selenoid:options: {enableLog: true, enableVNC: true}, unhandledPromptBehavior: accept}\nselenide.baseUrl: http://172.17.0.1:8111\n\tat org.openqa.selenium.remote.RemoteWebDriver.execute(RemoteWebDriver.java:563)\n\tat org.openqa.selenium.remote.RemoteWebDriver.startSession(RemoteWebDriver.java:245)\n\tat org.openqa.selenium.remote.RemoteWebDriver.<init>(RemoteWebDriver.java:174)\n\tat com.codeborne.selenide.webdriver.RemoteDriverFactory.create(RemoteDriverFactory.java:24)\n\tat com.codeborne.selenide.webdriver.WebDriverFactory.createWebDriverInstance(WebDriverFactory.java:114)\n\tat com.codeborne.selenide.webdriver.WebDriverFactory.createWebDriver(WebDriverFactory.java:67)\n\tat com.codeborne.selenide.drivercommands.CreateDriverCommand.lambda$createDriver$0(CreateDriverCommand.java:72)\n\tat com.codeborne.selenide.logevents.SelenideLogger.wrap(SelenideLogger.java:133)\n\tat com.codeborne.selenide.logevents.SelenideLogger.get(SelenideLogger.java:113)\n\tat com.codeborne.selenide.drivercommands.CreateDriverCommand.createDriver(CreateDriverCommand.java:48)\n\tat com.codeborne.selenide.impl.WebDriverThreadLocalContainer.createDriver(WebDriverThreadLocalContainer.java:189)\n\tat com.codeborne.selenide.impl.WebDriverThreadLocalContainer.createAndRegisterDriver(WebDriverThreadLocalContainer.java:174)\n\tat com.codeborne.selenide.impl.WebDriverThreadLocalContainer.getAndCheckWebDriver(WebDriverThreadLocalContainer.java:136)\n\tat com.codeborne.selenide.WebDriverRunner.getAndCheckWebDriver(WebDriverRunner.java:113)\n\tat com.codeborne.selenide.impl.StaticDriver.getAndCheckWebDriver(StaticDriver.java:65)\n\tat com.codeborne.selenide.SelenideDriver.getAndCheckWebDriver(SelenideDriver.java:211)\n\tat com.codeborne.selenide.drivercommands.Navigator.lambda$navigateTo$0(Navigator.java:70)\n\tat com.codeborne.selenide.logevents.SelenideLogger.lambda$run$0(SelenideLogger.java:105)\n\tat com.codeborne.selenide.logevents.SelenideLogger.wrap(SelenideLogger.java:133)\n\tat com.codeborne.selenide.logevents.SelenideLogger.run(SelenideLogger.java:104)\n\tat com.codeborne.selenide.drivercommands.Navigator.navigateTo(Navigator.java:68)\n\tat com.codeborne.selenide.drivercommands.Navigator.open(Navigator.java:31)\n\tat com.codeborne.selenide.SelenideDriver.open(SelenideDriver.java:93)\n\tat com.codeborne.selenide.SelenideDriver.open(SelenideDriver.java:116)\n\tat com.codeborne.selenide.Selenide.open(Selenide.java:165)\n\tat com.example.teamcity.api.ui.pages.setup.FirstStartPage.open(FirstStartPage.java:22)\n\tat com.example.teamcity.ui.SetupServerTest.setupTeamCityServerTest(SetupServerTest.java:9)\n\tat java.base/jdk.internal.reflect.DirectMethodHandleAccessor.invoke(DirectMethodHandleAccessor.java:103)\n\tat java.base/java.lang.reflect.Method.invoke(Method.java:580)\n\tat org.testng.internal.invokers.MethodInvocationHelper.invokeMethod(MethodInvocationHelper.java:141)\n\tat org.testng.internal.invokers.TestInvoker.invokeMethod(TestInvoker.java:686)\n\tat org.testng.internal.invokers.TestInvoker.invokeTestMethod(TestInvoker.java:230)\n\tat org.testng.internal.invokers.MethodRunner.runInSequence(MethodRunner.java:63)\n\tat org.testng.internal.invokers.TestInvoker$MethodInvocationAgent.invoke(TestInvoker.java:992)\n\tat org.testng.internal.invokers.TestInvoker.invokeTestMethods(TestInvoker.java:203)\n\tat org.testng.internal.invokers.TestMethodWorker.invokeTestMethods(TestMethodWorker.java:154)\n\tat org.testng.internal.invokers.TestMethodWorker.run(TestMethodWorker.java:134)\n\tat java.base/java.util.ArrayList.forEach(ArrayList.java:1596)\n\tat org.testng.TestRunner.privateRun(TestRunner.java:739)\n\tat org.testng.TestRunner.run(TestRunner.java:614)\n\tat org.testng.SuiteRunner.runTest(SuiteRunner.java:421)\n\tat org.testng.SuiteRunner.runSequentially(SuiteRunner.java:413)\n\tat org.testng.SuiteRunner.privateRun(SuiteRunner.java:373)\n\tat org.testng.SuiteRunner.run(SuiteRunner.java:312)\n\tat org.testng.SuiteRunnerWorker.runSuite(SuiteRunnerWorker.java:52)\n\tat org.testng.SuiteRunnerWorker.run(SuiteRunnerWorker.java:95)\n\tat org.testng.TestNG.runSuitesSequentially(TestNG.java:1274)\n\tat org.testng.TestNG.runSuitesLocally(TestNG.java:1208)\n\tat org.testng.TestNG.runSuites(TestNG.java:1112)\n\tat org.testng.TestNG.run(TestNG.java:1079)\n\tat org.apache.maven.surefire.testng.TestNGExecutor.run(TestNGExecutor.java:155)\n\tat org.apache.maven.surefire.testng.TestNGDirectoryTestSuite.executeSingleClass(TestNGDirectoryTestSuite.java:102)\n\tat org.apache.maven.surefire.testng.TestNGDirectoryTestSuite.execute(TestNGDirectoryTestSuite.java:91)\n\tat org.apache.maven.surefire.testng.TestNGProvider.invoke(TestNGProvider.java:137)\n\tat org.apache.maven.surefire.booter.ForkedBooter.runSuitesInProcess(ForkedBooter.java:385)\n\tat org.apache.maven.surefire.booter.ForkedBooter.execute(ForkedBooter.java:162)\n\tat org.apache.maven.surefire.booter.ForkedBooter.run(ForkedBooter.java:507)\n\tat org.apache.maven.surefire.booter.ForkedBooter.main(ForkedBooter.java:495)\nCaused by: java.io.UncheckedIOException: java.net.ConnectException\n\tat org.openqa.selenium.remote.http.jdk.JdkHttpClient.execute0(JdkHttpClient.java:458)\n\tat org.openqa.selenium.remote.http.AddSeleniumUserAgent.lambda$apply$0(AddSeleniumUserAgent.java:42)\n\tat org.openqa.selenium.remote.http.Filter.lambda$andFinally$1(Filter.java:55)\n\tat org.openqa.selenium.remote.http.jdk.JdkHttpClient.execute(JdkHttpClient.java:374)\n\tat org.openqa.selenium.remote.ProtocolHandshake.createSession(ProtocolHandshake.java:89)\n\tat org.openqa.selenium.remote.ProtocolHandshake.createSession(ProtocolHandshake.java:75)\n\tat org.openqa.selenium.remote.ProtocolHandshake.createSession(ProtocolHandshake.java:61)\n\tat org.openqa.selenium.remote.HttpCommandExecutor.execute(HttpCommandExecutor.java:162)\n\tat org.openqa.selenium.remote.RemoteWebDriver.execute(RemoteWebDriver.java:545)\n\t... 57 more\nCaused by: java.net.ConnectException\n\tat java.net.http/jdk.internal.net.http.common.Utils.toConnectException(Utils.java:1041)\n\tat java.net.http/jdk.internal.net.http.PlainHttpConnection.connectAsync(PlainHttpConnection.java:227)\n\tat java.net.http/jdk.internal.net.http.Http1Exchange.sendHeadersAsync(Http1Exchange.java:312)\n\tat java.net.http/jdk.internal.net.http.Exchange.lambda$responseAsyncImpl0$8(Exchange.java:581)\n\tat java.net.http/jdk.internal.net.http.Exchange.checkFor407(Exchange.java:452)\n\tat java.net.http/jdk.internal.net.http.Exchange.lambda$responseAsyncImpl0$9(Exchange.java:585)\n\tat java.base/java.util.concurrent.CompletableFuture.uniHandle(CompletableFuture.java:934)\n\tat java.base/java.util.concurrent.CompletableFuture.uniHandleStage(CompletableFuture.java:950)\n\tat java.base/java.util.concurrent.CompletableFuture.handle(CompletableFuture.java:2372)\n\tat java.net.http/jdk.internal.net.http.Exchange.responseAsyncImpl0(Exchange.java:585)\n\tat java.net.http/jdk.internal.net.http.Exchange.responseAsyncImpl(Exchange.java:428)\n\tat java.net.http/jdk.internal.net.http.Exchange.responseAsync(Exchange.java:420)\n\tat java.net.http/jdk.internal.net.http.MultiExchange.responseAsyncImpl(MultiExchange.java:413)\n\tat java.net.http/jdk.internal.net.http.MultiExchange.lambda$responseAsyncImpl$7(MultiExchange.java:454)\n\tat java.base/java.util.concurrent.CompletableFuture.uniHandle(CompletableFuture.java:934)\n\tat java.base/java.util.concurrent.CompletableFuture.uniHandleStage(CompletableFuture.java:950)\n\tat java.base/java.util.concurrent.CompletableFuture.handle(CompletableFuture.java:2372)\n\tat java.net.http/jdk.internal.net.http.MultiExchange.responseAsyncImpl(MultiExchange.java:444)\n\tat java.net.http/jdk.internal.net.http.MultiExchange.lambda$responseAsync0$2(MultiExchange.java:346)\n\tat java.base/java.util.concurrent.CompletableFuture$UniCompose.tryFire(CompletableFuture.java:1150)\n\tat java.base/java.util.concurrent.CompletableFuture.postComplete(CompletableFuture.java:510)\n\tat java.base/java.util.concurrent.CompletableFuture$AsyncSupply.run(CompletableFuture.java:1773)\n\tat java.base/java.util.concurrent.ThreadPoolExecutor.runWorker(ThreadPoolExecutor.java:1144)\n\tat java.base/java.util.concurrent.ThreadPoolExecutor$Worker.run(ThreadPoolExecutor.java:642)\n\tat java.base/java.lang.Thread.run(Thread.java:1583)\nCaused by: java.nio.channels.UnresolvedAddressException\n\tat java.base/sun.nio.ch.Net.checkAddress(Net.java:137)\n\tat java.base/sun.nio.ch.Net.checkAddress(Net.java:145)\n\tat java.base/sun.nio.ch.SocketChannelImpl.checkRemote(SocketChannelImpl.java:844)\n\tat java.base/sun.nio.ch.SocketChannelImpl.connect(SocketChannelImpl.java:867)\n\tat java.net.http/jdk.internal.net.http.PlainHttpConnection.lambda$connectAsync$1(PlainHttpConnection.java:210)\n\tat java.base/java.security.AccessController.doPrivileged(AccessController.java:571)\n\tat java.net.http/jdk.internal.net.http.PlainHttpConnection.connectAsync(PlainHttpConnection.java:212)\n\t... 23 more\n","steps":[{"name":"$(\"open\") http://172.17.0.1:8111/","time":{"start":1743068920763,"stop":1743068921048,"duration":285},"status":"broken","statusMessage":"Could not start a new session. Possible causes are invalid address of the remote server or browser start-up failure. \nHost info: host: 'fv-az1050-876', ip: '10.1.1.31'\nBuild info: version: '4.24.0', revision: '748ffc9bc3'\nSystem info: os.name: 'Linux', os.arch: 'amd64', os.version: '6.8.0-1021-azure', java.version: '21.0.6'\nselenide.remote: http://selenoid:4444/wd/hub\nDriver info: org.openqa.selenium.remote.RemoteWebDriver\nCommand: [null, newSession {capabilities=[Capabilities {acceptInsecureCerts: true, browserName: chrome, goog:chromeOptions: {args: [--proxy-bypass-list=<-loopb..., --disable-dev-shm-usage, --disable-search-engine-cho..., --unsafely-disable-devtools..., --window-size=1920,1080], excludeSwitches: [enable-automation, load-extension], extensions: [], prefs: {autofill.credit_card_enabled: false, autofill.profile_enabled: false, credentials_enable_service: false, plugins.always_open_pdf_externally: true, profile.default_content_setting_values.automatic_downloads: 1, profile.password_manager_enabled: false, profile.password_manager_leak_detection: false, safebrowsing.enabled: true}}, pageLoadStrategy: normal, selenoid:options: {enableLog: true, enableVNC: true}, unhandledPromptBehavior: accept}]}]\nselenide.url: http://172.17.0.1:8111/\nCapabilities {acceptInsecureCerts: true, browserName: chrome, goog:chromeOptions: {args: [--proxy-bypass-list=<-loopb..., --disable-dev-shm-usage, --disable-search-engine-cho..., --unsafely-disable-devtools..., --window-size=1920,1080], excludeSwitches: [enable-automation, load-extension], extensions: [], prefs: {autofill.credit_card_enabled: false, autofill.profile_enabled: false, credentials_enable_service: false, plugins.always_open_pdf_externally: true, profile.default_content_setting_values.automatic_downloads: 1, profile.password_manager_enabled: false, profile.password_manager_leak_detection: false, safebrowsing.enabled: true}}, pageLoadStrategy: normal, selenoid:options: {enableLog: true, enableVNC: true}, unhandledPromptBehavior: accept}\nselenide.baseUrl: http://172.17.0.1:8111","statusTrace":"org.openqa.selenium.SessionNotCreatedException: Could not start a new session. Possible causes are invalid address of the remote server or browser start-up failure. \nHost info: host: 'fv-az1050-876', ip: '10.1.1.31'\nBuild info: version: '4.24.0', revision: '748ffc9bc3'\nSystem info: os.name: 'Linux', os.arch: 'amd64', os.version: '6.8.0-1021-azure', java.version: '21.0.6'\nselenide.remote: http://selenoid:4444/wd/hub\nDriver info: org.openqa.selenium.remote.RemoteWebDriver\nCommand: [null, newSession {capabilities=[Capabilities {acceptInsecureCerts: true, browserName: chrome, goog:chromeOptions: {args: [--proxy-bypass-list=<-loopb..., --disable-dev-shm-usage, --disable-search-engine-cho..., --unsafely-disable-devtools..., --window-size=1920,1080], excludeSwitches: [enable-automation, load-extension], extensions: [], prefs: {autofill.credit_card_enabled: false, autofill.profile_enabled: false, credentials_enable_service: false, plugins.always_open_pdf_externally: true, profile.default_content_setting_values.automatic_downloads: 1, profile.password_manager_enabled: false, profile.password_manager_leak_detection: false, safebrowsing.enabled: true}}, pageLoadStrategy: normal, selenoid:options: {enableLog: true, enableVNC: true}, unhandledPromptBehavior: accept}]}]\nselenide.url: http://172.17.0.1:8111/\nCapabilities {acceptInsecureCerts: true, browserName: chrome, goog:chromeOptions: {args: [--proxy-bypass-list=<-loopb..., --disable-dev-shm-usage, --disable-search-engine-cho..., --unsafely-disable-devtools..., --window-size=1920,1080], excludeSwitches: [enable-automation, load-extension], extensions: [], prefs: {autofill.credit_card_enabled: false, autofill.profile_enabled: false, credentials_enable_service: false, plugins.always_open_pdf_externally: true, profile.default_content_setting_values.automatic_downloads: 1, profile.password_manager_enabled: false, profile.password_manager_leak_detection: false, safebrowsing.enabled: true}}, pageLoadStrategy: normal, selenoid:options: {enableLog: true, enableVNC: true}, unhandledPromptBehavior: accept}\nselenide.baseUrl: http://172.17.0.1:8111\n\tat org.openqa.selenium.remote.RemoteWebDriver.execute(RemoteWebDriver.java:563)\n\tat org.openqa.selenium.remote.RemoteWebDriver.startSession(RemoteWebDriver.java:245)\n\tat org.openqa.selenium.remote.RemoteWebDriver.<init>(RemoteWebDriver.java:174)\n\tat com.codeborne.selenide.webdriver.RemoteDriverFactory.create(RemoteDriverFactory.java:24)\n\tat com.codeborne.selenide.webdriver.WebDriverFactory.createWebDriverInstance(WebDriverFactory.java:114)\n\tat com.codeborne.selenide.webdriver.WebDriverFactory.createWebDriver(WebDriverFactory.java:67)\n\tat com.codeborne.selenide.drivercommands.CreateDriverCommand.lambda$createDriver$0(CreateDriverCommand.java:72)\n\tat com.codeborne.selenide.logevents.SelenideLogger.wrap(SelenideLogger.java:133)\n\tat com.codeborne.selenide.logevents.SelenideLogger.get(SelenideLogger.java:113)\n\tat com.codeborne.selenide.drivercommands.CreateDriverCommand.createDriver(CreateDriverCommand.java:48)\n\tat com.codeborne.selenide.impl.WebDriverThreadLocalContainer.createDriver(WebDriverThreadLocalContainer.java:189)\n\tat com.codeborne.selenide.impl.WebDriverThreadLocalContainer.createAndRegisterDriver(WebDriverThreadLocalContainer.java:174)\n\tat com.codeborne.selenide.impl.WebDriverThreadLocalContainer.getAndCheckWebDriver(WebDriverThreadLocalContainer.java:136)\n\tat com.codeborne.selenide.WebDriverRunner.getAndCheckWebDriver(WebDriverRunner.java:113)\n\tat com.codeborne.selenide.impl.StaticDriver.getAndCheckWebDriver(StaticDriver.java:65)\n\tat com.codeborne.selenide.SelenideDriver.getAndCheckWebDriver(SelenideDriver.java:211)\n\tat com.codeborne.selenide.drivercommands.Navigator.lambda$navigateTo$0(Navigator.java:70)\n\tat com.codeborne.selenide.logevents.SelenideLogger.lambda$run$0(SelenideLogger.java:105)\n\tat com.codeborne.selenide.logevents.SelenideLogger.wrap(SelenideLogger.java:133)\n\tat com.codeborne.selenide.logevents.SelenideLogger.run(SelenideLogger.java:104)\n\tat com.codeborne.selenide.drivercommands.Navigator.navigateTo(Navigator.java:68)\n\tat com.codeborne.selenide.drivercommands.Navigator.open(Navigator.java:31)\n\tat com.codeborne.selenide.SelenideDriver.open(SelenideDriver.java:93)\n\tat com.codeborne.selenide.SelenideDriver.open(SelenideDriver.java:116)\n\tat com.codeborne.selenide.Selenide.open(Selenide.java:165)\n\tat com.example.teamcity.api.ui.pages.setup.FirstStartPage.open(FirstStartPage.java:22)\n\tat com.example.teamcity.ui.SetupServerTest.setupTeamCityServerTest(SetupServerTest.java:9)\n\tat java.base/jdk.internal.reflect.DirectMethodHandleAccessor.invoke(DirectMethodHandleAccessor.java:103)\n\tat java.base/java.lang.reflect.Method.invoke(Method.java:580)\n\tat org.testng.internal.invokers.MethodInvocationHelper.invokeMethod(MethodInvocationHelper.java:141)\n\tat org.testng.internal.invokers.TestInvoker.invokeMethod(TestInvoker.java:686)\n\tat org.testng.internal.invokers.TestInvoker.invokeTestMethod(TestInvoker.java:230)\n\tat org.testng.internal.invokers.MethodRunner.runInSequence(MethodRunner.java:63)\n\tat org.testng.internal.invokers.TestInvoker$MethodInvocationAgent.invoke(TestInvoker.java:992)\n\tat org.testng.internal.invokers.TestInvoker.invokeTestMethods(TestInvoker.java:203)\n\tat org.testng.internal.invokers.TestMethodWorker.invokeTestMethods(TestMethodWorker.java:154)\n\tat org.testng.internal.invokers.TestMethodWorker.run(TestMethodWorker.java:134)\n\tat java.base/java.util.ArrayList.forEach(ArrayList.java:1596)\n\tat org.testng.TestRunner.privateRun(TestRunner.java:739)\n\tat org.testng.TestRunner.run(TestRunner.java:614)\n\tat org.testng.SuiteRunner.runTest(SuiteRunner.java:421)\n\tat org.testng.SuiteRunner.runSequentially(SuiteRunner.java:413)\n\tat org.testng.SuiteRunner.privateRun(SuiteRunner.java:373)\n\tat org.testng.SuiteRunner.run(SuiteRunner.java:312)\n\tat org.testng.SuiteRunnerWorker.runSuite(SuiteRunnerWorker.java:52)\n\tat org.testng.SuiteRunnerWorker.run(SuiteRunnerWorker.java:95)\n\tat org.testng.TestNG.runSuitesSequentially(TestNG.java:1274)\n\tat org.testng.TestNG.runSuitesLocally(TestNG.java:1208)\n\tat org.testng.TestNG.runSuites(TestNG.java:1112)\n\tat org.testng.TestNG.run(TestNG.java:1079)\n\tat org.apache.maven.surefire.testng.TestNGExecutor.run(TestNGExecutor.java:155)\n\tat org.apache.maven.surefire.testng.TestNGDirectoryTestSuite.executeSingleClass(TestNGDirectoryTestSuite.java:102)\n\tat org.apache.maven.surefire.testng.TestNGDirectoryTestSuite.execute(TestNGDirectoryTestSuite.java:91)\n\tat org.apache.maven.surefire.testng.TestNGProvider.invoke(TestNGProvider.java:137)\n\tat org.apache.maven.surefire.booter.ForkedBooter.runSuitesInProcess(ForkedBooter.java:385)\n\tat org.apache.maven.surefire.booter.ForkedBooter.execute(ForkedBooter.java:162)\n\tat org.apache.maven.surefire.booter.ForkedBooter.run(ForkedBooter.java:507)\n\tat org.apache.maven.surefire.booter.ForkedBooter.main(ForkedBooter.java:495)\nCaused by: java.io.UncheckedIOException: java.net.ConnectException\n\tat org.openqa.selenium.remote.http.jdk.JdkHttpClient.execute0(JdkHttpClient.java:458)\n\tat org.openqa.selenium.remote.http.AddSeleniumUserAgent.lambda$apply$0(AddSeleniumUserAgent.java:42)\n\tat org.openqa.selenium.remote.http.Filter.lambda$andFinally$1(Filter.java:55)\n\tat org.openqa.selenium.remote.http.jdk.JdkHttpClient.execute(JdkHttpClient.java:374)\n\tat org.openqa.selenium.remote.ProtocolHandshake.createSession(ProtocolHandshake.java:89)\n\tat org.openqa.selenium.remote.ProtocolHandshake.createSession(ProtocolHandshake.java:75)\n\tat org.openqa.selenium.remote.ProtocolHandshake.createSession(ProtocolHandshake.java:61)\n\tat org.openqa.selenium.remote.HttpCommandExecutor.execute(HttpCommandExecutor.java:162)\n\tat org.openqa.selenium.remote.RemoteWebDriver.execute(RemoteWebDriver.java:545)\n\t... 57 more\nCaused by: java.net.ConnectException\n\tat java.net.http/jdk.internal.net.http.common.Utils.toConnectException(Utils.java:1041)\n\tat java.net.http/jdk.internal.net.http.PlainHttpConnection.connectAsync(PlainHttpConnection.java:227)\n\tat java.net.http/jdk.internal.net.http.Http1Exchange.sendHeadersAsync(Http1Exchange.java:312)\n\tat java.net.http/jdk.internal.net.http.Exchange.lambda$responseAsyncImpl0$8(Exchange.java:581)\n\tat java.net.http/jdk.internal.net.http.Exchange.checkFor407(Exchange.java:452)\n\tat java.net.http/jdk.internal.net.http.Exchange.lambda$responseAsyncImpl0$9(Exchange.java:585)\n\tat java.base/java.util.concurrent.CompletableFuture.uniHandle(CompletableFuture.java:934)\n\tat java.base/java.util.concurrent.CompletableFuture.uniHandleStage(CompletableFuture.java:950)\n\tat java.base/java.util.concurrent.CompletableFuture.handle(CompletableFuture.java:2372)\n\tat java.net.http/jdk.internal.net.http.Exchange.responseAsyncImpl0(Exchange.java:585)\n\tat java.net.http/jdk.internal.net.http.Exchange.responseAsyncImpl(Exchange.java:428)\n\tat java.net.http/jdk.internal.net.http.Exchange.responseAsync(Exchange.java:420)\n\tat java.net.http/jdk.internal.net.http.MultiExchange.responseAsyncImpl(MultiExchange.java:413)\n\tat java.net.http/jdk.internal.net.http.MultiExchange.lambda$responseAsyncImpl$7(MultiExchange.java:454)\n\tat java.base/java.util.concurrent.CompletableFuture.uniHandle(CompletableFuture.java:934)\n\tat java.base/java.util.concurrent.CompletableFuture.uniHandleStage(CompletableFuture.java:950)\n\tat java.base/java.util.concurrent.CompletableFuture.handle(CompletableFuture.java:2372)\n\tat java.net.http/jdk.internal.net.http.MultiExchange.responseAsyncImpl(MultiExchange.java:444)\n\tat java.net.http/jdk.internal.net.http.MultiExchange.lambda$responseAsync0$2(MultiExchange.java:346)\n\tat java.base/java.util.concurrent.CompletableFuture$UniCompose.tryFire(CompletableFuture.java:1150)\n\tat java.base/java.util.concurrent.CompletableFuture.postComplete(CompletableFuture.java:510)\n\tat java.base/java.util.concurrent.CompletableFuture$AsyncSupply.run(CompletableFuture.java:1773)\n\tat java.base/java.util.concurrent.ThreadPoolExecutor.runWorker(ThreadPoolExecutor.java:1144)\n\tat java.base/java.util.concurrent.ThreadPoolExecutor$Worker.run(ThreadPoolExecutor.java:642)\n\tat java.base/java.lang.Thread.run(Thread.java:1583)\nCaused by: java.nio.channels.UnresolvedAddressException\n\tat java.base/sun.nio.ch.Net.checkAddress(Net.java:137)\n\tat java.base/sun.nio.ch.Net.checkAddress(Net.java:145)\n\tat java.base/sun.nio.ch.SocketChannelImpl.checkRemote(SocketChannelImpl.java:844)\n\tat java.base/sun.nio.ch.SocketChannelImpl.connect(SocketChannelImpl.java:867)\n\tat java.net.http/jdk.internal.net.http.PlainHttpConnection.lambda$connectAsync$1(PlainHttpConnection.java:210)\n\tat java.base/java.security.AccessController.doPrivileged(AccessController.java:571)\n\tat java.net.http/jdk.internal.net.http.PlainHttpConnection.connectAsync(PlainHttpConnection.java:212)\n\t... 23 more\n","steps":[{"name":"$(\"webdriver\") create()","time":{"start":1743068920766,"stop":1743068921047,"duration":281},"status":"broken","statusMessage":"Could not start a new session. Possible causes are invalid address of the remote server or browser start-up failure. \nHost info: host: 'fv-az1050-876', ip: '10.1.1.31'\nBuild info: version: '4.24.0', revision: '748ffc9bc3'\nSystem info: os.name: 'Linux', os.arch: 'amd64', os.version: '6.8.0-1021-azure', java.version: '21.0.6'\nDriver info: org.openqa.selenium.remote.RemoteWebDriver\nCommand: [null, newSession {capabilities=[Capabilities {acceptInsecureCerts: true, browserName: chrome, goog:chromeOptions: {args: [--proxy-bypass-list=<-loopb..., --disable-dev-shm-usage, --disable-search-engine-cho..., --unsafely-disable-devtools..., --window-size=1920,1080], excludeSwitches: [enable-automation, load-extension], extensions: [], prefs: {autofill.credit_card_enabled: false, autofill.profile_enabled: false, credentials_enable_service: false, plugins.always_open_pdf_externally: true, profile.default_content_setting_values.automatic_downloads: 1, profile.password_manager_enabled: false, profile.password_manager_leak_detection: false, safebrowsing.enabled: true}}, pageLoadStrategy: normal, selenoid:options: {enableLog: true, enableVNC: true}, unhandledPromptBehavior: accept}]}]\nCapabilities {acceptInsecureCerts: true, browserName: chrome, goog:chromeOptions: {args: [--proxy-bypass-list=<-loopb..., --disable-dev-shm-usage, --disable-search-engine-cho..., --unsafely-disable-devtools..., --window-size=1920,1080], excludeSwitches: [enable-automation, load-extension], extensions: [], prefs: {autofill.credit_card_enabled: false, autofill.profile_enabled: false, credentials_enable_service: false, plugins.always_open_pdf_externally: true, profile.default_content_setting_values.automatic_downloads: 1, profile.password_manager_enabled: false, profile.password_manager_leak_detection: false, safebrowsing.enabled: true}}, pageLoadStrategy: normal, selenoid:options: {enableLog: true, enableVNC: true}, unhandledPromptBehavior: accept}","statusTrace":"org.openqa.selenium.SessionNotCreatedException: Could not start a new session. Possible causes are invalid address of the remote server or browser start-up failure. \nHost info: host: 'fv-az1050-876', ip: '10.1.1.31'\nBuild info: version: '4.24.0', revision: '748ffc9bc3'\nSystem info: os.name: 'Linux', os.arch: 'amd64', os.version: '6.8.0-1021-azure', java.version: '21.0.6'\nDriver info: org.openqa.selenium.remote.RemoteWebDriver\nCommand: [null, newSession {capabilities=[Capabilities {acceptInsecureCerts: true, browserName: chrome, goog:chromeOptions: {args: [--proxy-bypass-list=<-loopb..., --disable-dev-shm-usage, --disable-search-engine-cho..., --unsafely-disable-devtools..., --window-size=1920,1080], excludeSwitches: [enable-automation, load-extension], extensions: [], prefs: {autofill.credit_card_enabled: false, autofill.profile_enabled: false, credentials_enable_service: false, plugins.always_open_pdf_externally: true, profile.default_content_setting_values.automatic_downloads: 1, profile.password_manager_enabled: false, profile.password_manager_leak_detection: false, safebrowsing.enabled: true}}, pageLoadStrategy: normal, selenoid:options: {enableLog: true, enableVNC: true}, unhandledPromptBehavior: accept}]}]\nCapabilities {acceptInsecureCerts: true, browserName: chrome, goog:chromeOptions: {args: [--proxy-bypass-list=<-loopb..., --disable-dev-shm-usage, --disable-search-engine-cho..., --unsafely-disable-devtools..., --window-size=1920,1080], excludeSwitches: [enable-automation, load-extension], extensions: [], prefs: {autofill.credit_card_enabled: false, autofill.profile_enabled: false, credentials_enable_service: false, plugins.always_open_pdf_externally: true, profile.default_content_setting_values.automatic_downloads: 1, profile.password_manager_enabled: false, profile.password_manager_leak_detection: false, safebrowsing.enabled: true}}, pageLoadStrategy: normal, selenoid:options: {enableLog: true, enableVNC: true}, unhandledPromptBehavior: accept}\n\tat org.openqa.selenium.remote.RemoteWebDriver.execute(RemoteWebDriver.java:563)\n\tat org.openqa.selenium.remote.RemoteWebDriver.startSession(RemoteWebDriver.java:245)\n\tat org.openqa.selenium.remote.RemoteWebDriver.<init>(RemoteWebDriver.java:174)\n\tat com.codeborne.selenide.webdriver.RemoteDriverFactory.create(RemoteDriverFactory.java:24)\n\tat com.codeborne.selenide.webdriver.WebDriverFactory.createWebDriverInstance(WebDriverFactory.java:114)\n\tat com.codeborne.selenide.webdriver.WebDriverFactory.createWebDriver(WebDriverFactory.java:67)\n\tat com.codeborne.selenide.drivercommands.CreateDriverCommand.lambda$createDriver$0(CreateDriverCommand.java:72)\n\tat com.codeborne.selenide.logevents.SelenideLogger.wrap(SelenideLogger.java:133)\n\tat com.codeborne.selenide.logevents.SelenideLogger.get(SelenideLogger.java:113)\n\tat com.codeborne.selenide.drivercommands.CreateDriverCommand.createDriver(CreateDriverCommand.java:48)\n\tat com.codeborne.selenide.impl.WebDriverThreadLocalContainer.createDriver(WebDriverThreadLocalContainer.java:189)\n\tat com.codeborne.selenide.impl.WebDriverThreadLocalContainer.createAndRegisterDriver(WebDriverThreadLocalContainer.java:174)\n\tat com.codeborne.selenide.impl.WebDriverThreadLocalContainer.getAndCheckWebDriver(WebDriverThreadLocalContainer.java:136)\n\tat com.codeborne.selenide.WebDriverRunner.getAndCheckWebDriver(WebDriverRunner.java:113)\n\tat com.codeborne.selenide.impl.StaticDriver.getAndCheckWebDriver(StaticDriver.java:65)\n\tat com.codeborne.selenide.SelenideDriver.getAndCheckWebDriver(SelenideDriver.java:211)\n\tat com.codeborne.selenide.drivercommands.Navigator.lambda$navigateTo$0(Navigator.java:70)\n\tat com.codeborne.selenide.logevents.SelenideLogger.lambda$run$0(SelenideLogger.java:105)\n\tat com.codeborne.selenide.logevents.SelenideLogger.wrap(SelenideLogger.java:133)\n\tat com.codeborne.selenide.logevents.SelenideLogger.run(SelenideLogger.java:104)\n\tat com.codeborne.selenide.drivercommands.Navigator.navigateTo(Navigator.java:68)\n\tat com.codeborne.selenide.drivercommands.Navigator.open(Navigator.java:31)\n\tat com.codeborne.selenide.SelenideDriver.open(SelenideDriver.java:93)\n\tat com.codeborne.selenide.SelenideDriver.open(SelenideDriver.java:116)\n\tat com.codeborne.selenide.Selenide.open(Selenide.java:165)\n\tat com.example.teamcity.api.ui.pages.setup.FirstStartPage.open(FirstStartPage.java:22)\n\tat com.example.teamcity.ui.SetupServerTest.setupTeamCityServerTest(SetupServerTest.java:9)\n\tat java.base/jdk.internal.reflect.DirectMethodHandleAccessor.invoke(DirectMethodHandleAccessor.java:103)\n\tat java.base/java.lang.reflect.Method.invoke(Method.java:580)\n\tat org.testng.internal.invokers.MethodInvocationHelper.invokeMethod(MethodInvocationHelper.java:141)\n\tat org.testng.internal.invokers.TestInvoker.invokeMethod(TestInvoker.java:686)\n\tat org.testng.internal.invokers.TestInvoker.invokeTestMethod(TestInvoker.java:230)\n\tat org.testng.internal.invokers.MethodRunner.runInSequence(MethodRunner.java:63)\n\tat org.testng.internal.invokers.TestInvoker$MethodInvocationAgent.invoke(TestInvoker.java:992)\n\tat org.testng.internal.invokers.TestInvoker.invokeTestMethods(TestInvoker.java:203)\n\tat org.testng.internal.invokers.TestMethodWorker.invokeTestMethods(TestMethodWorker.java:154)\n\tat org.testng.internal.invokers.TestMethodWorker.run(TestMethodWorker.java:134)\n\tat java.base/java.util.ArrayList.forEach(ArrayList.java:1596)\n\tat org.testng.TestRunner.privateRun(TestRunner.java:739)\n\tat org.testng.TestRunner.run(TestRunner.java:614)\n\tat org.testng.SuiteRunner.runTest(SuiteRunner.java:421)\n\tat org.testng.SuiteRunner.runSequentially(SuiteRunner.java:413)\n\tat org.testng.SuiteRunner.privateRun(SuiteRunner.java:373)\n\tat org.testng.SuiteRunner.run(SuiteRunner.java:312)\n\tat org.testng.SuiteRunnerWorker.runSuite(SuiteRunnerWorker.java:52)\n\tat org.testng.SuiteRunnerWorker.run(SuiteRunnerWorker.java:95)\n\tat org.testng.TestNG.runSuitesSequentially(TestNG.java:1274)\n\tat org.testng.TestNG.runSuitesLocally(TestNG.java:1208)\n\tat org.testng.TestNG.runSuites(TestNG.java:1112)\n\tat org.testng.TestNG.run(TestNG.java:1079)\n\tat org.apache.maven.surefire.testng.TestNGExecutor.run(TestNGExecutor.java:155)\n\tat org.apache.maven.surefire.testng.TestNGDirectoryTestSuite.executeSingleClass(TestNGDirectoryTestSuite.java:102)\n\tat org.apache.maven.surefire.testng.TestNGDirectoryTestSuite.execute(TestNGDirectoryTestSuite.java:91)\n\tat org.apache.maven.surefire.testng.TestNGProvider.invoke(TestNGProvider.java:137)\n\tat org.apache.maven.surefire.booter.ForkedBooter.runSuitesInProcess(ForkedBooter.java:385)\n\tat org.apache.maven.surefire.booter.ForkedBooter.execute(ForkedBooter.java:162)\n\tat org.apache.maven.surefire.booter.ForkedBooter.run(ForkedBooter.java:507)\n\tat org.apache.maven.surefire.booter.ForkedBooter.main(ForkedBooter.java:495)\nCaused by: java.io.UncheckedIOException: java.net.ConnectException\n\tat org.openqa.selenium.remote.http.jdk.JdkHttpClient.execute0(JdkHttpClient.java:458)\n\tat org.openqa.selenium.remote.http.AddSeleniumUserAgent.lambda$apply$0(AddSeleniumUserAgent.java:42)\n\tat org.openqa.selenium.remote.http.Filter.lambda$andFinally$1(Filter.java:55)\n\tat org.openqa.selenium.remote.http.jdk.JdkHttpClient.execute(JdkHttpClient.java:374)\n\tat org.openqa.selenium.remote.ProtocolHandshake.createSession(ProtocolHandshake.java:89)\n\tat org.openqa.selenium.remote.ProtocolHandshake.createSession(ProtocolHandshake.java:75)\n\tat org.openqa.selenium.remote.ProtocolHandshake.createSession(ProtocolHandshake.java:61)\n\tat org.openqa.selenium.remote.HttpCommandExecutor.execute(HttpCommandExecutor.java:162)\n\tat org.openqa.selenium.remote.RemoteWebDriver.execute(RemoteWebDriver.java:545)\n\t... 57 more\nCaused by: java.net.ConnectException\n\tat java.net.http/jdk.internal.net.http.common.Utils.toConnectException(Utils.java:1041)\n\tat java.net.http/jdk.internal.net.http.PlainHttpConnection.connectAsync(PlainHttpConnection.java:227)\n\tat java.net.http/jdk.internal.net.http.Http1Exchange.sendHeadersAsync(Http1Exchange.java:312)\n\tat java.net.http/jdk.internal.net.http.Exchange.lambda$responseAsyncImpl0$8(Exchange.java:581)\n\tat java.net.http/jdk.internal.net.http.Exchange.checkFor407(Exchange.java:452)\n\tat java.net.http/jdk.internal.net.http.Exchange.lambda$responseAsyncImpl0$9(Exchange.java:585)\n\tat java.base/java.util.concurrent.CompletableFuture.uniHandle(CompletableFuture.java:934)\n\tat java.base/java.util.concurrent.CompletableFuture.uniHandleStage(CompletableFuture.java:950)\n\tat java.base/java.util.concurrent.CompletableFuture.handle(CompletableFuture.java:2372)\n\tat java.net.http/jdk.internal.net.http.Exchange.responseAsyncImpl0(Exchange.java:585)\n\tat java.net.http/jdk.internal.net.http.Exchange.responseAsyncImpl(Exchange.java:428)\n\tat java.net.http/jdk.internal.net.http.Exchange.responseAsync(Exchange.java:420)\n\tat java.net.http/jdk.internal.net.http.MultiExchange.responseAsyncImpl(MultiExchange.java:413)\n\tat java.net.http/jdk.internal.net.http.MultiExchange.lambda$responseAsyncImpl$7(MultiExchange.java:454)\n\tat java.base/java.util.concurrent.CompletableFuture.uniHandle(CompletableFuture.java:934)\n\tat java.base/java.util.concurrent.CompletableFuture.uniHandleStage(CompletableFuture.java:950)\n\tat java.base/java.util.concurrent.CompletableFuture.handle(CompletableFuture.java:2372)\n\tat java.net.http/jdk.internal.net.http.MultiExchange.responseAsyncImpl(MultiExchange.java:444)\n\tat java.net.http/jdk.internal.net.http.MultiExchange.lambda$responseAsync0$2(MultiExchange.java:346)\n\tat java.base/java.util.concurrent.CompletableFuture$UniCompose.tryFire(CompletableFuture.java:1150)\n\tat java.base/java.util.concurrent.CompletableFuture.postComplete(CompletableFuture.java:510)\n\tat java.base/java.util.concurrent.CompletableFuture$AsyncSupply.run(CompletableFuture.java:1773)\n\tat java.base/java.util.concurrent.ThreadPoolExecutor.runWorker(ThreadPoolExecutor.java:1144)\n\tat java.base/java.util.concurrent.ThreadPoolExecutor$Worker.run(ThreadPoolExecutor.java:642)\n\tat java.base/java.lang.Thread.run(Thread.java:1583)\nCaused by: java.nio.channels.UnresolvedAddressException\n\tat java.base/sun.nio.ch.Net.checkAddress(Net.java:137)\n\tat java.base/sun.nio.ch.Net.checkAddress(Net.java:145)\n\tat java.base/sun.nio.ch.SocketChannelImpl.checkRemote(SocketChannelImpl.java:844)\n\tat java.base/sun.nio.ch.SocketChannelImpl.connect(SocketChannelImpl.java:867)\n\tat java.net.http/jdk.internal.net.http.PlainHttpConnection.lambda$connectAsync$1(PlainHttpConnection.java:210)\n\tat java.base/java.security.AccessController.doPrivileged(AccessController.java:571)\n\tat java.net.http/jdk.internal.net.http.PlainHttpConnection.connectAsync(PlainHttpConnection.java:212)\n\t... 23 more\n","steps":[],"attachments":[],"parameters":[],"shouldDisplayMessage":true,"stepsCount":0,"attachmentsCount":0,"hasContent":true}],"attachments":[],"parameters":[],"shouldDisplayMessage":true,"stepsCount":1,"attachmentsCount":0,"hasContent":true}],"attachments":[],"parameters":[],"shouldDisplayMessage":false,"stepsCount":2,"attachmentsCount":0,"hasContent":true},"afterStages":[{"name":"closeWebDriver","time":{"start":1743068921076,"stop":1743068921077,"duration":1},"description":"","status":"passed","steps":[{"name":"$(\"webdriver\") close()","time":{"start":1743068921077,"stop":1743068921077,"duration":0},"status":"passed","steps":[],"attachments":[],"parameters":[],"shouldDisplayMessage":false,"stepsCount":0,"attachmentsCount":0,"hasContent":false}],"attachments":[],"parameters":[],"shouldDisplayMessage":false,"stepsCount":1,"attachmentsCount":0,"hasContent":true},{"name":"afterTest","time":{"start":1743068921079,"stop":1743068921081,"duration":2},"description":"","status":"passed","steps":[],"attachments":[],"parameters":[],"shouldDisplayMessage":false,"stepsCount":0,"attachmentsCount":0,"hasContent":false}],"labels":[{"name":"package","value":"com.example.teamcity.ui.SetupServerTest"},{"name":"testClass","value":"com.example.teamcity.ui.SetupServerTest"},{"name":"testMethod","value":"setupTeamCityServerTest"},{"name":"parentSuite","value":"Surefire suite"},{"name":"suite","value":"Surefire test"},{"name":"subSuite","value":"com.example.teamcity.ui.SetupServerTest"},{"name":"host","value":"fv-az1050-876"},{"name":"thread","value":"3528@fv-az1050-876.main(1)"},{"name":"framework","value":"testng"},{"name":"language","value":"java"},{"name":"resultFormat","value":"allure2"}],"parameters":[],"links":[],"hidden":false,"retry":false,"extra":{"severity":"normal","retries":[],"categories":[{"name":"Test defects","matchedStatuses":[],"flaky":false}],"history":{"statistic":{"failed":0,"broken":8,"skipped":0,"passed":0,"unknown":0,"total":8},"items":[{"uid":"ae59f033175466ce","reportUrl":"https://MarySukhorukova.github.io/teamcity-testing-fraimwork/api/52//#testresult/ae59f033175466ce","status":"broken","statusDetails":"Could not start a new session. Possible causes are invalid address of the remote server or browser start-up failure. \nHost info: host: 'fv-az1376-426', ip: '10.1.0.108'\nBuild info: version: '4.24.0', revision: '748ffc9bc3'\nSystem info: os.name: 'Linux', os.arch: 'amd64', os.version: '6.8.0-1021-azure', java.version: '21.0.6'\nselenide.remote: http://selenoid:4444/wd/hub\nDriver info: org.openqa.selenium.remote.RemoteWebDriver\nCommand: [null, newSession {capabilities=[Capabilities {acceptInsecureCerts: true, browserName: chrome, goog:chromeOptions: {args: [--proxy-bypass-list=<-loopb..., --disable-dev-shm-usage, --disable-search-engine-cho..., --unsafely-disable-devtools..., --window-size=1920,1080], excludeSwitches: [enable-automation, load-extension], extensions: [], prefs: {autofill.credit_card_enabled: false, autofill.profile_enabled: false, credentials_enable_service: false, plugins.always_open_pdf_externally: true, profile.default_content_setting_values.automatic_downloads: 1, profile.password_manager_enabled: false, profile.password_manager_leak_detection: false, safebrowsing.enabled: true}}, pageLoadStrategy: normal, selenoid:options: {enableLog: true, enableVNC: true}, unhandledPromptBehavior: accept}]}]\nselenide.url: http://172.17.0.1:8111/\nCapabilities {acceptInsecureCerts: true, browserName: chrome, goog:chromeOptions: {args: [--proxy-bypass-list=<-loopb..., --disable-dev-shm-usage, --disable-search-engine-cho..., --unsafely-disable-devtools..., --window-size=1920,1080], excludeSwitches: [enable-automation, load-extension], extensions: [], prefs: {autofill.credit_card_enabled: false, autofill.profile_enabled: false, credentials_enable_service: false, plugins.always_open_pdf_externally: true, profile.default_content_setting_values.automatic_downloads: 1, profile.password_manager_enabled: false, profile.password_manager_leak_detection: false, safebrowsing.enabled: true}}, pageLoadStrategy: normal, selenoid:options: {enableLog: true, enableVNC: true}, unhandledPromptBehavior: accept}\nselenide.baseUrl: http://172.17.0.1:8111","time":{"start":1743067687848,"stop":1743067688214,"duration":366}},{"uid":"ea876de9fa6a1cc2","reportUrl":"https://MarySukhorukova.github.io/teamcity-testing-fraimwork/api/51//#testresult/ea876de9fa6a1cc2","status":"broken","statusDetails":"Could not start a new session. Possible causes are invalid address of the remote server or browser start-up failure. \nHost info: host: 'fv-az2023-359', ip: '10.1.0.54'\nBuild info: version: '4.24.0', revision: '748ffc9bc3'\nSystem info: os.name: 'Linux', os.arch: 'amd64', os.version: '6.8.0-1021-azure', java.version: '21.0.6'\nselenide.remote: http://selenoid:4444/wd/hub\nDriver info: org.openqa.selenium.remote.RemoteWebDriver\nCommand: [null, newSession {capabilities=[Capabilities {acceptInsecureCerts: true, browserName: chrome, goog:chromeOptions: {args: [--proxy-bypass-list=<-loopb..., --disable-dev-shm-usage, --disable-search-engine-cho..., --unsafely-disable-devtools..., --window-size=1920,1080], excludeSwitches: [enable-automation, load-extension], extensions: [], prefs: {autofill.credit_card_enabled: false, autofill.profile_enabled: false, credentials_enable_service: false, plugins.always_open_pdf_externally: true, profile.default_content_setting_values.automatic_downloads: 1, profile.password_manager_enabled: false, profile.password_manager_leak_detection: false, safebrowsing.enabled: true}}, pageLoadStrategy: normal, selenoid:options: {enableLog: true, enableVNC: true}, unhandledPromptBehavior: accept}]}]\nselenide.url: http://172.17.0.1:8111/\nCapabilities {acceptInsecureCerts: true, browserName: chrome, goog:chromeOptions: {args: [--proxy-bypass-list=<-loopb..., --disable-dev-shm-usage, --disable-search-engine-cho..., --unsafely-disable-devtools..., --window-size=1920,1080], excludeSwitches: [enable-automation, load-extension], extensions: [], prefs: {autofill.credit_card_enabled: false, autofill.profile_enabled: false, credentials_enable_service: false, plugins.always_open_pdf_externally: true, profile.default_content_setting_values.automatic_downloads: 1, profile.password_manager_enabled: false, profile.password_manager_leak_detection: false, safebrowsing.enabled: true}}, pageLoadStrategy: normal, selenoid:options: {enableLog: true, enableVNC: true}, unhandledPromptBehavior: accept}\nselenide.baseUrl: http://172.17.0.1:8111","time":{"start":1743067135637,"stop":1743067135960,"duration":323}},{"uid":"7746a5c192d16f6f","reportUrl":"https://MarySukhorukova.github.io/teamcity-testing-fraimwork/api/50//#testresult/7746a5c192d16f6f","status":"broken","statusDetails":"Could not start a new session. Unable to parse remote response: You are using Selenoid 1.11.3! \nHost info: host: 'fv-az790-259', ip: '10.1.0.167'","time":{"start":1743066641083,"stop":1743066641423,"duration":340}},{"uid":"3ae542c1d0ca79ce","reportUrl":"https://MarySukhorukova.github.io/teamcity-testing-fraimwork/api/48//#testresult/3ae542c1d0ca79ce","status":"broken","statusDetails":"Could not start a new session. Unable to parse remote response: You are using Selenoid 1.11.3! \nHost info: host: 'fv-az1927-685', ip: '10.1.0.10'","time":{"start":1743065407570,"stop":1743065407897,"duration":327}},{"uid":"477e3238d08153b8","reportUrl":"https://MarySukhorukova.github.io/teamcity-testing-fraimwork/api/47//#testresult/477e3238d08153b8","status":"broken","statusDetails":"Could not start a new session. Unable to parse remote response: You are using Selenoid 1.11.3! \nHost info: host: 'fv-az1374-136', ip: '10.1.0.90'","time":{"start":1743064621848,"stop":1743064622168,"duration":320}},{"uid":"2ee696dbff378c56","reportUrl":"https://MarySukhorukova.github.io/teamcity-testing-fraimwork/api/45//#testresult/2ee696dbff378c56","status":"broken","statusDetails":"Could not start a new session. Response code 404. Message: unknown command: unknown command: wd/hub/session \nHost info: host: 'fv-az1912-386', ip: '10.1.0.15'\nBuild info: version: '4.24.0', revision: '748ffc9bc3'\nSystem info: os.name: 'Linux', os.arch: 'amd64', os.version: '6.8.0-1021-azure', java.version: '21.0.6'\nselenide.remote: http://localhost:4444/wd/hub\nDriver info: org.openqa.selenium.remote.RemoteWebDriver\nCommand: [null, newSession {capabilities=[Capabilities {acceptInsecureCerts: true, browserName: chrome, goog:chromeOptions: {args: [--proxy-bypass-list=<-loopb..., --disable-dev-shm-usage, --disable-search-engine-cho..., --unsafely-disable-devtools..., --window-size=1920,1080], excludeSwitches: [enable-automation, load-extension], extensions: [], prefs: {autofill.credit_card_enabled: false, autofill.profile_enabled: false, credentials_enable_service: false, plugins.always_open_pdf_externally: true, profile.default_content_setting_values.automatic_downloads: 1, profile.password_manager_enabled: false, profile.password_manager_leak_detection: false, safebrowsing.enabled: true}}, pageLoadStrategy: normal, selenoid:options: {enableLog: true, enableVNC: true}, unhandledPromptBehavior: accept}]}]\nselenide.url: http://172.17.0.1:8111/\nCapabilities {acceptInsecureCerts: true, browserName: chrome, goog:chromeOptions: {args: [--proxy-bypass-list=<-loopb..., --disable-dev-shm-usage, --disable-search-engine-cho..., --unsafely-disable-devtools..., --window-size=1920,1080], excludeSwitches: [enable-automation, load-extension], extensions: [], prefs: {autofill.credit_card_enabled: false, autofill.profile_enabled: false, credentials_enable_service: false, plugins.always_open_pdf_externally: true, profile.default_content_setting_values.automatic_downloads: 1, profile.password_manager_enabled: false, profile.password_manager_leak_detection: false, safebrowsing.enabled: true}}, pageLoadStrategy: normal, selenoid:options: {enableLog: true, enableVNC: true}, unhandledPromptBehavior: accept}\nselenide.baseUrl: http://172.17.0.1:8111","time":{"start":1743063533176,"stop":1743063534151,"duration":975}},{"uid":"b9d5bae3db64a020","reportUrl":"https://MarySukhorukova.github.io/teamcity-testing-fraimwork/api/44//#testresult/b9d5bae3db64a020","status":"broken","statusDetails":"Could not start a new session. Unable to parse remote response: You are using Selenoid 1.11.3! \nHost info: host: 'fv-az1774-137', ip: '10.1.0.40'","time":{"start":1743060748683,"stop":1743060749011,"duration":328}}]},"tags":[]},"source":"d02282e34b5d2b79.json","parameterValues":[]}